<?xml version="1.0" encoding="UTF-8"?>
<!-- Generated by org.testng.reporters.JUnitReportReporter -->
<testsuite hostname="DESKTOP-PGLM9PA" failures="0" tests="1" name="com.pack.PageObjectFramework.featureTest.AmazonHomePageTest" time="3.855" errors="0" timestamp="2022-09-29T23:07:10 IST" skipped="0">
  <testcase classname="com.pack.PageObjectFramework.featureTest.AmazonHomePageTest" name="searchForItem" time="3.855"/>
  <system-out/>
</testsuite> <!-- com.pack.PageObjectFramework.featureTest.AmazonHomePageTest -->
