<?xml version="1.0" encoding="UTF-8"?>
<!-- Generated by org.testng.reporters.JUnitReportReporter -->
<testsuite hostname="DESKTOP-PGLM9PA" failures="0" tests="1" name="com.pack.PageObjectFramework.featureTest.AmazonHomePage" time="6.654" errors="0" timestamp="2022-09-29T16:29:47 IST" skipped="0">
  <testcase classname="com.pack.PageObjectFramework.featureTest.AmazonHomePage" name="initialize" time="6.654"/>
  <system-out/>
</testsuite> <!-- com.pack.PageObjectFramework.featureTest.AmazonHomePage -->
