<?xml version="1.0" encoding="UTF-8"?>
<!-- Generated by org.testng.reporters.JUnitReportReporter -->
<testsuite hostname="DESKTOP-PGLM9PA" failures="0" tests="6" name="com.pack.PageObjectFramework.featureTest.AmazonPlaceOrder" time="34.878" errors="0" timestamp="2022-09-30T05:01:38 IST" skipped="0">
  <testcase classname="com.pack.PageObjectFramework.featureTest.AmazonPlaceOrder" name="searchForItem" time="5.890"/>
  <system-out/>
  <testcase classname="com.pack.PageObjectFramework.featureTest.AmazonPlaceOrder" name="searchResult" time="2.682"/>
  <system-out/>
  <testcase classname="com.pack.PageObjectFramework.featureTest.AmazonPlaceOrder" name="buyNow" time="11.578"/>
  <system-out/>
  <testcase classname="com.pack.PageObjectFramework.featureTest.AmazonPlaceOrder" name="signIn" time="2.844"/>
  <system-out/>
  <testcase classname="com.pack.PageObjectFramework.featureTest.AmazonPlaceOrder" name="paymentMethod" time="5.105"/>
  <system-out/>
  <testcase classname="com.pack.PageObjectFramework.featureTest.AmazonPlaceOrder" name="placeYourOrder" time="6.779"/>
  <system-out/>
</testsuite> <!-- com.pack.PageObjectFramework.featureTest.AmazonPlaceOrder -->
