<?xml version="1.0" encoding="UTF-8"?>
<!-- Generated by org.testng.reporters.JUnitReportReporter -->
<testsuite hostname="DESKTOP-PGLM9PA" failures="0" tests="2" name="com.pack.PageObjectFramework.featureTest.LoginPageTest" time="22.935" errors="0" timestamp="2021-10-03T14:47:04 IST" skipped="0">
  <testcase classname="com.pack.PageObjectFramework.featureTest.LoginPageTest" name="login" time="18.428"/>
  <system-out/>
  <testcase classname="com.pack.PageObjectFramework.featureTest.LoginPageTest" name="login" time="4.507"/>
  <system-out/>
</testsuite> <!-- com.pack.PageObjectFramework.featureTest.LoginPageTest -->
