<?xml version="1.0" encoding="UTF-8"?>
<!-- Generated by org.testng.reporters.JUnitReportReporter -->
<testsuite hostname="DESKTOP-PGLM9PA" failures="0" tests="1" name="com.pack.PageObjectFramework.featureTest.RegisterUserTest" time="15.820" errors="0" timestamp="2021-10-03T14:47:04 IST" skipped="0">
  <testcase classname="com.pack.PageObjectFramework.featureTest.RegisterUserTest" name="registerUser" time="15.820"/>
  <system-out/>
</testsuite> <!-- com.pack.PageObjectFramework.featureTest.RegisterUserTest -->
