<?xml version="1.0" encoding="UTF-8"?>
<!-- Generated by org.testng.reporters.JUnitReportReporter -->
<testsuite hostname="DESKTOP-PGLM9PA" failures="0" tests="2" name="com.pack.PageObjectFramework.featureTest.LandingPageTest" time="8.645" errors="0" timestamp="2021-10-03T14:47:04 IST" skipped="0">
  <testcase classname="com.pack.PageObjectFramework.featureTest.LandingPageTest" name="popupClose" time="8.628"/>
  <system-out/>
  <testcase classname="com.pack.PageObjectFramework.featureTest.LandingPageTest" name="validateTitle" time="0.017"/>
  <system-out/>
</testsuite> <!-- com.pack.PageObjectFramework.featureTest.LandingPageTest -->
